<?xml version="1.0" encoding="UTF-8"?>
<!-- Generated by org.testng.reporters.JUnitXMLReporter -->
<testsuite ignored="0" hostname="HBPTester" failures="0" tests="3" name="Default test" time="182.785" errors="0" timestamp="2024-08-12T11:23:09 IST">
  <testcase classname="com.test.Tagit.Region_Validate" name="Login" time="156.972"/>
  <testcase classname="com.test.Tagit.Region_Validate" name="table" time="12.726"/>
  <testcase classname="com.test.Tagit.Region_Validate" name="regions" time="11.457"/>
</testsuite> <!-- Default test -->
