<?xml version="1.0" encoding="UTF-8"?>
<!-- Generated by org.testng.reporters.JUnitXMLReporter -->
<testsuite ignored="0" hostname="HBPTesting" failures="0" tests="3" name="Default test" time="107.403" errors="0" timestamp="2024-08-08T10:18:10 IST">
  <testcase classname="com.test.Tagit.Region_Validate" name="Login" time="27.782"/>
  <testcase classname="com.test.Tagit.Region_Validate" name="table" time="13.143"/>
  <testcase classname="com.test.Tagit.Region_Validate" name="regions" time="9.856"/>
</testsuite> <!-- Default test -->
