<?xml version="1.0" encoding="UTF-8"?>
<testng-results ignored="0" total="2" passed="2" failed="0" skipped="0">
  <reporter-output>
  </reporter-output>
  <suite started-at="2024-11-18T10:02:28 IST" name="Default suite" finished-at="2024-11-18T10:06:39 IST" duration-ms="250197">
    <groups>
    </groups>
    <test started-at="2024-11-18T10:02:28 IST" name="Default test" finished-at="2024-11-18T10:06:39 IST" duration-ms="250197">
      <class name="com.test.Tagit.MRIPageclicks">
        <test-method is-config="true" signature="setup()[pri:0, instance:com.test.Tagit.MRIPageclicks@23c30a20]" started-at="2024-11-18T10:02:28 IST" name="setup" finished-at="2024-11-18T10:05:39 IST" duration-ms="190532" status="PASS">
          <reporter-output>
          </reporter-output>
        </test-method> <!-- setup -->
        <test-method signature="testSanity()[pri:1, instance:com.test.Tagit.MRIPageclicks@23c30a20]" started-at="2024-11-18T10:05:39 IST" name="testSanity" finished-at="2024-11-18T10:05:40 IST" duration-ms="620" status="PASS">
          <reporter-output>
          </reporter-output>
        </test-method> <!-- testSanity -->
        <test-method signature="Videovalidate()[pri:2, instance:com.test.Tagit.MRIPageclicks@23c30a20]" started-at="2024-11-18T10:05:40 IST" name="Videovalidate" finished-at="2024-11-18T10:06:38 IST" duration-ms="58762" status="PASS">
          <reporter-output>
          </reporter-output>
        </test-method> <!-- Videovalidate -->
        <test-method is-config="true" signature="tearDown()[pri:0, instance:com.test.Tagit.MRIPageclicks@23c30a20]" started-at="2024-11-18T10:06:38 IST" name="tearDown" finished-at="2024-11-18T10:06:39 IST" duration-ms="243" status="PASS">
          <reporter-output>
          </reporter-output>
        </test-method> <!-- tearDown -->
      </class> <!-- com.test.Tagit.MRIPageclicks -->
    </test> <!-- Default test -->
  </suite> <!-- Default suite -->
</testng-results>
